INFO:root:Inside the getAllPlantTypes - end
INFO:root:Inside the getAllPriceRanges - end
INFO:root:Inside the getAllPriceRanges - end
INFO:root:Inside the getPlantsFromLocation - end
DEBUG:root:fetchStores() database operation successful
DEBUG:root:fetchStoreId() database operation successful
DEBUG:root:fetchPlants() database operation successful
DEBUG:root:fetchPlantTypes() database operation successful
DEBUG:root:fetchPlantsByType() database operation successful
DEBUG:root:fetchPlantsByPrice() database operation successful
DEBUG:root:fetchAllPlants() database operation successful
DEBUG:root:fetchCustomerAddress() database operation successful
INFO:root:saveOrderDetails successful
INFO:root:Inside the searchPlants - end
INFO:root:Inside the makeOrders - end
INFO:root:Inside the checkForOrders - end
INFO:root:Inside the choiceForOrders - end
INFO:root:Inside the getAllPlantTypes - end
INFO:root:Inside the getAllPriceRanges - end
INFO:root:Inside the getAllPriceRanges - end
INFO:root:Inside the getPlantsFromLocation - end
DEBUG:root:fetchStores() database operation successful
DEBUG:root:fetchStoreId() database operation successful
DEBUG:root:fetchPlants() database operation successful
DEBUG:root:fetchPlantTypes() database operation successful
DEBUG:root:fetchPlantsByType() database operation successful
DEBUG:root:fetchPlantsByPrice() database operation successful
DEBUG:root:fetchAllPlants() database operation successful
DEBUG:root:fetchCustomerAddress() database operation successful
INFO:root:saveOrderDetails successful
INFO:root:Inside the searchPlants - end
INFO:root:Inside the makeOrders - end
INFO:root:Inside the checkForOrders - end
INFO:root:Inside the choiceForOrders - end
INFO:root:Inside the getAllPlantTypes - end
INFO:root:Inside the getAllPriceRanges - end
INFO:root:Inside the getAllPriceRanges - end
INFO:root:Inside the getPlantsFromLocation - end
DEBUG:root:fetchStores() database operation successful
DEBUG:root:fetchStoreId() database operation successful
DEBUG:root:fetchPlants() database operation successful
DEBUG:root:fetchPlantTypes() database operation successful
DEBUG:root:fetchPlantsByType() database operation successful
DEBUG:root:fetchPlantsByPrice() database operation successful
DEBUG:root:fetchAllPlants() database operation successful
DEBUG:root:fetchCustomerAddress() database operation successful
INFO:root:saveOrderDetails successful
INFO:root:Inside the searchPlants - end
INFO:root:Inside the makeOrders - end
INFO:root:Inside the checkForOrders - end
INFO:root:Inside the choiceForOrders - end
INFO:root:Inside the getAllPlantTypes - end
INFO:root:Inside the getAllPriceRanges - end
INFO:root:Inside the getAllPriceRanges - end
INFO:root:Inside the getPlantsFromLocation - end
DEBUG:root:fetchStores() database operation successful
DEBUG:root:fetchStoreId() database operation successful
DEBUG:root:fetchPlants() database operation successful
DEBUG:root:fetchPlantTypes() database operation successful
DEBUG:root:fetchPlantsByType() database operation successful
DEBUG:root:fetchPlantsByPrice() database operation successful
DEBUG:root:fetchAllPlants() database operation successful
DEBUG:root:fetchCustomerAddress() database operation successful
INFO:root:saveOrderDetails successful
INFO:root:Inside the searchPlants - end
INFO:root:Inside the makeOrders - end
INFO:root:Inside the checkForOrders - end
INFO:root:Inside the choiceForOrders - end
INFO:root:Inside the getAllPlantTypes - end
INFO:root:Inside the getAllPriceRanges - end
INFO:root:Inside the getAllPriceRanges - end
INFO:root:Inside the getPlantsFromLocation - end
DEBUG:root:fetchStores() database operation successful
DEBUG:root:fetchStoreId() database operation successful
DEBUG:root:fetchPlants() database operation successful
DEBUG:root:fetchPlantTypes() database operation successful
DEBUG:root:fetchPlantsByType() database operation successful
DEBUG:root:fetchPlantsByPrice() database operation successful
DEBUG:root:fetchAllPlants() database operation successful
DEBUG:root:fetchCustomerAddress() database operation successful
INFO:root:saveOrderDetails successful
INFO:root:Inside the searchPlants - end
INFO:root:Inside the makeOrders - end
INFO:root:Inside the checkForOrders - end
INFO:root:Inside the choiceForOrders - end
INFO:root:Inside the getAllPlantTypes - end
INFO:root:Inside the getAllPriceRanges - end
INFO:root:Inside the getAllPriceRanges - end
INFO:root:Inside the getPlantsFromLocation - end
DEBUG:root:fetchStores() database operation successful
DEBUG:root:fetchStoreId() database operation successful
DEBUG:root:fetchPlants() database operation successful
DEBUG:root:fetchPlantTypes() database operation successful
DEBUG:root:fetchPlantsByType() database operation successful
DEBUG:root:fetchPlantsByPrice() database operation successful
DEBUG:root:fetchAllPlants() database operation successful
DEBUG:root:fetchCustomerAddress() database operation successful
INFO:root:saveOrderDetails successful
INFO:root:Inside the searchPlants - end
INFO:root:Inside the makeOrders - end
INFO:root:Inside the checkForOrders - end
INFO:root:Inside the choiceForOrders - end
INFO:root:Inside the getAllPlantTypes - end
INFO:root:Inside the getAllPriceRanges - end
INFO:root:Inside the getAllPriceRanges - end
INFO:root:Inside the getPlantsFromLocation - end
DEBUG:root:fetchStores() database operation successful
DEBUG:root:fetchStoreId() database operation successful
DEBUG:root:fetchPlants() database operation successful
DEBUG:root:fetchPlantTypes() database operation successful
DEBUG:root:fetchPlantsByType() database operation successful
DEBUG:root:fetchPlantsByPrice() database operation successful
DEBUG:root:fetchAllPlants() database operation successful
DEBUG:root:fetchCustomerAddress() database operation successful
INFO:root:saveOrderDetails successful
INFO:root:Inside the searchPlants - end
INFO:root:Inside the makeOrders - end
INFO:root:Inside the checkForOrders - end
INFO:root:Inside the choiceForOrders - end
INFO:root:Inside the getAllPlantTypes - end
INFO:root:Inside the getAllPriceRanges - end
INFO:root:Inside the getAllPriceRanges - end
INFO:root:Inside the getPlantsFromLocation - end
DEBUG:root:fetchStores() database operation successful
DEBUG:root:fetchStoreId() database operation successful
DEBUG:root:fetchPlants() database operation successful
DEBUG:root:fetchPlantTypes() database operation successful
DEBUG:root:fetchPlantsByType() database operation successful
DEBUG:root:fetchPlantsByPrice() database operation successful
DEBUG:root:fetchAllPlants() database operation successful
DEBUG:root:fetchCustomerAddress() database operation successful
INFO:root:saveOrderDetails successful
INFO:root:Inside the searchPlants - end
INFO:root:Inside the makeOrders - end
INFO:root:Inside the checkForOrders - end
INFO:root:Inside the choiceForOrders - end
INFO:root:Inside the getAllPlantTypes - end
INFO:root:Inside the getAllPriceRanges - end
INFO:root:Inside the getAllPriceRanges - end
INFO:root:Inside the getPlantsFromLocation - end
DEBUG:root:fetchStores() database operation successful
DEBUG:root:fetchStoreId() database operation successful
DEBUG:root:fetchPlants() database operation successful
DEBUG:root:fetchPlantTypes() database operation successful
DEBUG:root:fetchPlantsByType() database operation successful
DEBUG:root:fetchPlantsByPrice() database operation successful
DEBUG:root:fetchAllPlants() database operation successful
DEBUG:root:fetchCustomerAddress() database operation successful
INFO:root:saveOrderDetails successful
INFO:root:Inside the searchPlants - end
INFO:root:Inside the makeOrders - end
INFO:root:Inside the checkForOrders - end
INFO:root:Inside the choiceForOrders - end
INFO:root:Inside the getAllPlantTypes - end
INFO:root:Inside the getAllPriceRanges - end
INFO:root:Inside the getAllPriceRanges - end
INFO:root:Inside the getPlantsFromLocation - end
DEBUG:root:fetchStores() database operation successful
DEBUG:root:fetchStoreId() database operation successful
DEBUG:root:fetchPlants() database operation successful
DEBUG:root:fetchPlantTypes() database operation successful
DEBUG:root:fetchPlantsByType() database operation successful
DEBUG:root:fetchPlantsByPrice() database operation successful
DEBUG:root:fetchAllPlants() database operation successful
DEBUG:root:fetchCustomerAddress() database operation successful
INFO:root:saveOrderDetails successful
INFO:root:Inside the searchPlants - end
INFO:root:Inside the makeOrders - end
INFO:root:Inside the checkForOrders - end
INFO:root:Inside the choiceForOrders - end
INFO:root:Inside the getAllPlantTypes - end
INFO:root:Inside the getAllPriceRanges - end
INFO:root:Inside the getAllPriceRanges - end
INFO:root:Inside the getPlantsFromLocation - end
DEBUG:root:fetchStores() database operation successful
DEBUG:root:fetchStoreId() database operation successful
DEBUG:root:fetchPlants() database operation successful
DEBUG:root:fetchPlantTypes() database operation successful
DEBUG:root:fetchPlantsByType() database operation successful
DEBUG:root:fetchPlantsByPrice() database operation successful
DEBUG:root:fetchAllPlants() database operation successful
DEBUG:root:fetchCustomerAddress() database operation successful
INFO:root:saveOrderDetails successful
INFO:root:Inside the searchPlants - end
INFO:root:Inside the makeOrders - end
INFO:root:Inside the checkForOrders - end
INFO:root:Inside the choiceForOrders - end
INFO:root:Inside the getAllPlantTypes - end
INFO:root:Inside the getAllPriceRanges - end
INFO:root:Inside the getAllPriceRanges - end
INFO:root:Inside the getPlantsFromLocation - end
DEBUG:root:fetchStores() database operation successful
DEBUG:root:fetchStoreId() database operation successful
DEBUG:root:fetchPlants() database operation successful
DEBUG:root:fetchPlantTypes() database operation successful
DEBUG:root:fetchPlantsByType() database operation successful
DEBUG:root:fetchPlantsByPrice() database operation successful
DEBUG:root:fetchAllPlants() database operation successful
DEBUG:root:fetchCustomerAddress() database operation successful
INFO:root:saveOrderDetails successful
INFO:root:Inside the searchPlants - end
INFO:root:Inside the makeOrders - end
INFO:root:Inside the checkForOrders - end
INFO:root:Inside the choiceForOrders - end
INFO:root:Inside the getAllPlantTypes - end
INFO:root:Inside the getAllPriceRanges - end
INFO:root:Inside the getAllPriceRanges - end
INFO:root:Inside the getPlantsFromLocation - end
DEBUG:root:fetchStores() database operation successful
DEBUG:root:fetchStoreId() database operation successful
DEBUG:root:fetchPlants() database operation successful
DEBUG:root:fetchPlantTypes() database operation successful
DEBUG:root:fetchPlantsByType() database operation successful
DEBUG:root:fetchPlantsByPrice() database operation successful
DEBUG:root:fetchAllPlants() database operation successful
DEBUG:root:fetchCustomerAddress() database operation successful
INFO:root:saveOrderDetails successful
INFO:root:Inside the searchPlants - end
INFO:root:Inside the makeOrders - end
INFO:root:Inside the checkForOrders - end
INFO:root:Inside the choiceForOrders - end
INFO:root:Inside the getAllPlantTypes - end
INFO:root:Inside the getAllPriceRanges - end
INFO:root:Inside the getAllPriceRanges - end
INFO:root:Inside the getPlantsFromLocation - end
DEBUG:root:fetchStores() database operation successful
DEBUG:root:fetchStoreId() database operation successful
DEBUG:root:fetchPlants() database operation successful
DEBUG:root:fetchPlantTypes() database operation successful
DEBUG:root:fetchPlantsByType() database operation successful
DEBUG:root:fetchPlantsByPrice() database operation successful
DEBUG:root:fetchAllPlants() database operation successful
DEBUG:root:fetchCustomerAddress() database operation successful
INFO:root:saveOrderDetails successful
INFO:root:Inside the searchPlants - end
INFO:root:Inside the makeOrders - end
INFO:root:Inside the checkForOrders - end
INFO:root:Inside the choiceForOrders - end
INFO:root:Inside the getAllPlantTypes - end
INFO:root:Inside the getAllPriceRanges - end
INFO:root:Inside the getAllPriceRanges - end
INFO:root:Inside the getPlantsFromLocation - end
DEBUG:root:fetchStores() database operation successful
DEBUG:root:fetchStoreId() database operation successful
DEBUG:root:fetchPlants() database operation successful
DEBUG:root:fetchPlantTypes() database operation successful
DEBUG:root:fetchPlantsByType() database operation successful
DEBUG:root:fetchPlantsByPrice() database operation successful
DEBUG:root:fetchAllPlants() database operation successful
DEBUG:root:fetchCustomerAddress() database operation successful
INFO:root:saveOrderDetails successful
INFO:root:Inside the searchPlants - end
INFO:root:Inside the makeOrders - end
INFO:root:Inside the checkForOrders - end
INFO:root:Inside the choiceForOrders - end
INFO:root:Inside the getAllPlantTypes - end
INFO:root:Inside the getAllPriceRanges - end
INFO:root:Inside the getAllPriceRanges - end
INFO:root:Inside the getPlantsFromLocation - end
DEBUG:root:fetchStores() database operation successful
DEBUG:root:fetchStoreId() database operation successful
DEBUG:root:fetchPlants() database operation successful
DEBUG:root:fetchPlantTypes() database operation successful
DEBUG:root:fetchPlantsByType() database operation successful
DEBUG:root:fetchPlantsByPrice() database operation successful
DEBUG:root:fetchAllPlants() database operation successful
DEBUG:root:fetchCustomerAddress() database operation successful
INFO:root:saveOrderDetails successful
INFO:root:Inside the searchPlants - end
INFO:root:Inside the makeOrders - end
INFO:root:Inside the checkForOrders - end
INFO:root:Inside the choiceForOrders - end
