INFO:root:Inside the getAllPlantTypes - end
INFO:root:Inside the getAllPriceRanges - end
INFO:root:Inside the getAllPriceRanges - end
INFO:root:Inside the getPlantsFromLocation - end
DEBUG:root:fetchStores() database operation successful
DEBUG:root:fetchStoreId() database operation successful
DEBUG:root:fetchPlants() database operation successful
DEBUG:root:fetchPlantTypes() database operation successful
DEBUG:root:fetchPlantsByType() database operation successful
DEBUG:root:fetchPlantsByPrice() database operation successful
DEBUG:root:fetchAllPlants() database operation successful
DEBUG:root:fetchCustomerAddress() database operation successful
INFO:root:saveOrderDetails successful
INFO:root:Inside the searchPlants - end
INFO:root:Inside the makeOrders - end
INFO:root:Inside the checkForOrders - end
INFO:root:Inside the choiceForOrders - end
INFO:root:inEmployee(): attempting to fetch employee with username 'ron'
INFO:root:inEmployee(): fetch of employee successful
INFO:root:getAllOrders(): Attempting to fetch all orders
INFO:root:getAllOrders(): fetched all orders successfully
INFO:root:getAllOrders(): Attempting to fetch all orders
INFO:root:getAllOrders(): fetched all orders successfully
INFO:root:updateCurrentOrder(): updated successfully
INFO:root:Inside the getAllPlantTypes - end
INFO:root:Inside the getAllPriceRanges - end
INFO:root:Inside the getAllPriceRanges - end
INFO:root:Inside the getPlantsFromLocation - end
DEBUG:root:fetchStores() database operation successful
DEBUG:root:fetchStoreId() database operation successful
DEBUG:root:fetchPlants() database operation successful
DEBUG:root:fetchPlantTypes() database operation successful
DEBUG:root:fetchPlantsByType() database operation successful
DEBUG:root:fetchPlantsByPrice() database operation successful
DEBUG:root:fetchAllPlants() database operation successful
DEBUG:root:fetchCustomerAddress() database operation successful
INFO:root:saveOrderDetails successful
INFO:root:Inside the searchPlants - end
INFO:root:Inside the makeOrders - end
INFO:root:Inside the checkForOrders - end
INFO:root:Inside the choiceForOrders - end
INFO:root:inEmployee(): attempting to fetch employee with username 'ron'
INFO:root:inEmployee(): fetch of employee successful
INFO:root:getAllOrders(): Attempting to fetch all orders
INFO:root:getAllOrders(): fetched all orders successfully
INFO:root:getAllOrders(): Attempting to fetch all orders
INFO:root:getAllOrders(): fetched all orders successfully
INFO:root:updateCurrentOrder(): Attempting to update order for id '3' and status 'Current'
INFO:root:updateCurrentOrder(): updated successfully
INFO:root:getAllOrders(): Attempting to fetch all orders
INFO:root:getAllOrders(): fetched all orders successfully
INFO:root:getAllOrders(): Attempting to fetch all orders
INFO:root:getAllOrders(): fetched all orders successfully
INFO:root:inCustomer(): attempting to fetch customer with username 'j'
INFO:root:inCustomer(): fetch of customer successful
INFO:root:getOrderForGivenCustAndStatus(): Attempting to fetch orders for customer id '1' and status 'New'
INFO:root:getOrderForGivenCustAndStatus(): fetched orders successfully
INFO:root:getPlantsWithRating(): Attempting to fetch plants by rating
INFO:root:getPlantsWithRating(): Fetched data successfully
INFO:root:getPlantsOrderMost(): Attempting to fetch plants by most ordered
INFO:root:getPlantsOrderMost(): Fetched data successfully
INFO:root:getPlantsOrderMost(): Attempting to fetch plants by most ordered
INFO:root:getPlantsOrderMost(): Fetched data successfully
INFO:root:getTopPlantGivenType(): Attempting to fetch plants by type
INFO:root:getTopPlantGivenType(): fetched data successfully
INFO:root:getTopPlantGivenStore(): Attempting to fetch plants by type
INFO:root:getTopPlantGivenStore(): fetched data successfully
INFO:root:getOrderForGivenCust(): Attempting to fetch orders for customer id '1'
INFO:root:getOrderForGivenCust(): fetched orders successfully
INFO:root:getItemsForGivenOrderId(): Attempting to fetch items for order id '1'
INFO:root:getItemsForGivenOrderId(): fetched items successfully
INFO:root:getItemsForGivenOrderId(): Attempting to fetch items for order id '4'
INFO:root:getItemsForGivenOrderId(): fetched items successfully
INFO:root:updateItemRating(): updated successfully
INFO:root:updateItemRating(): updated successfully
INFO:root:getOrderForGivenCust(): Attempting to fetch orders for customer id '1'
INFO:root:getOrderForGivenCust(): fetched orders successfully
INFO:root:getPlantsWithRating(): Attempting to fetch plants by rating
INFO:root:getPlantsWithRating(): Fetched data successfully
INFO:root:getPlantsOrderMost(): Attempting to fetch plants by most ordered
INFO:root:getPlantsOrderMost(): Fetched data successfully
INFO:root:getTopPlantGivenType(): Attempting to fetch plants by type
INFO:root:getTopPlantGivenType(): fetched data successfully
INFO:root:getTopPlantGivenType(): Attempting to fetch plants by type
INFO:root:getTopPlantGivenType(): fetched data successfully
INFO:root:getTopPlantGivenType(): Attempting to fetch plants by type
INFO:root:getTopPlantGivenType(): fetched data successfully
INFO:root:getTopPlantGivenType(): Attempting to fetch plants by type
INFO:root:getTopPlantGivenType(): fetched data successfully
INFO:root:getTopPlantGivenStore(): Attempting to fetch plants by type
INFO:root:getTopPlantGivenStore(): fetched data successfully
INFO:root:inEmployee(): attempting to fetch employee with username 'ron'
INFO:root:inEmployee(): fetch of employee successful
INFO:root:getAllOrders(): Attempting to fetch all orders
INFO:root:getAllOrders(): fetched all orders successfully
INFO:root:getAllOrders(): Attempting to fetch all orders
INFO:root:getAllOrders(): fetched all orders successfully
INFO:root:Inside the getAllPlantTypes - end
INFO:root:Inside the getAllPriceRanges - end
INFO:root:Inside the getAllPriceRanges - end
INFO:root:Inside the getPlantsFromLocation - end
INFO:root:Inside the searchPlants - end
INFO:root:Inside the makeOrders - end
INFO:root:Inside the checkForOrders - end
INFO:root:Inside the choiceForOrders - end
INFO:root:inCustomer(): attempting to fetch customer with username 'j'
INFO:root:inCustomer(): fetch of customer successful
INFO:root:fetchStores(): Attempting to fetch address from stores
INFO:root:fetchStores(): fetched address successfully
INFO:root:fetchPlantTypes(): Attempting to fetch plant type names
INFO:root:fetchPlantTypes(): fetched plant types successfully
INFO:root:fetchPlantsByType(): Attempting to fetch plants of given types
INFO:root:fetchPlants(): Attempting to fetch plants for given ids
INFO:root:fetchPlants(): fetched plants successfully
INFO:root:fetchCustomerAddress(): Attempting to fetch customer address for id '1'
INFO:root:fetchCustomerAddress(): fetched address successfully
INFO:root:fetchStoreId(): Attempting to fetch store for address 'San Jose'
INFO:root:saveOrderDetails(): Attempting to insert orders for customer '1'
INFO:root:saveOrderDetails(): Attempting to insert items
INFO:root:saveOrderDetails(): insert of order and item successful
INFO:root:fetchStores(): Attempting to fetch address from stores
INFO:root:fetchStores(): fetched address successfully
INFO:root:fetchPlantsByPrice(): Attempting to fetch plants of given prices
INFO:root:fetchPlantsByPrice(): fetched plants successfully
INFO:root:fetchPlants(): Attempting to fetch plants for given ids
INFO:root:fetchPlants(): fetched plants successfully
INFO:root:fetchStoreId(): Attempting to fetch store for address 'Fresno'
INFO:root:saveOrderDetails(): Attempting to insert orders for customer '1'
INFO:root:saveOrderDetails(): Attempting to insert items
INFO:root:saveOrderDetails(): insert of order and item successful
INFO:root:getOrderForGivenCust(): Attempting to fetch orders for customer id '1'
INFO:root:getOrderForGivenCust(): fetched orders successfully
INFO:root:Inside the getAllPlantTypes - end
INFO:root:Inside the getAllPriceRanges - end
INFO:root:Inside the getAllPriceRanges - end
INFO:root:Inside the getPlantsFromLocation - end
INFO:root:Inside the searchPlants - end
INFO:root:Inside the makeOrders - end
INFO:root:Inside the checkForOrders - end
INFO:root:Inside the choiceForOrders - end
INFO:root:inEmployee(): attempting to fetch employee with username 'ron'
INFO:root:inEmployee(): fetch of employee successful
INFO:root:getAllOrders(): Attempting to fetch all orders
INFO:root:getAllOrders(): fetched all orders successfully
INFO:root:getAllOrders(): Attempting to fetch all orders
INFO:root:getAllOrders(): fetched all orders successfully
INFO:root:getAllOrders(): Attempting to fetch all orders
INFO:root:getAllOrders(): fetched all orders successfully
INFO:root:Inside the getAllPlantTypes - end
INFO:root:Inside the getAllPriceRanges - end
INFO:root:Inside the getAllPriceRanges - end
INFO:root:Inside the getPlantsFromLocation - end
INFO:root:Inside the searchPlants - end
INFO:root:Inside the makeOrders - end
INFO:root:Inside the checkForOrders - end
INFO:root:Inside the choiceForOrders - end
INFO:root:inEmployee(): attempting to fetch employee with username 'lbj'
ERROR:root:inEmployee(): 1045 (28000): Access denied for user 'root'@'localhost' (using password: YES)
INFO:root:Inside the getAllPlantTypes - end
INFO:root:Inside the getAllPriceRanges - end
INFO:root:Inside the getAllPriceRanges - end
INFO:root:Inside the getPlantsFromLocation - end
INFO:root:Inside the searchPlants - end
INFO:root:Inside the makeOrders - end
INFO:root:Inside the checkForOrders - end
INFO:root:Inside the choiceForOrders - end
INFO:root:inEmployee(): attempting to fetch employee with username 'lbj'
ERROR:root:inEmployee(): 1045 (28000): Access denied for user 'root'@'localhost' (using password: YES)
INFO:root:inEmployee(): attempting to fetch employee with username 'kobe'
ERROR:root:inEmployee(): 1045 (28000): Access denied for user 'root'@'localhost' (using password: YES)
INFO:root:Inside the getAllPlantTypes - end
INFO:root:Inside the getAllPriceRanges - end
INFO:root:Inside the getAllPriceRanges - end
INFO:root:Inside the getPlantsFromLocation - end
INFO:root:Inside the searchPlants - end
INFO:root:Inside the makeOrders - end
INFO:root:Inside the checkForOrders - end
INFO:root:Inside the choiceForOrders - end
INFO:root:inEmployee(): attempting to fetch employee with username 'lbj'
ERROR:root:inEmployee(): 1045 (28000): Access denied for user 'root'@'localhost' (using password: YES)
INFO:root:inEmployee(): attempting to fetch employee with username 'killabee'
ERROR:root:inEmployee(): 1045 (28000): Access denied for user 'root'@'localhost' (using password: YES)
INFO:root:inEmployee(): attempting to fetch employee with username 'kobee'
ERROR:root:inEmployee(): 1045 (28000): Access denied for user 'root'@'localhost' (using password: YES)
INFO:root:inEmployee(): attempting to fetch employee with username 'kobe'
ERROR:root:inEmployee(): 1045 (28000): Access denied for user 'root'@'localhost' (using password: YES)
INFO:root:Inside the getAllPlantTypes - end
INFO:root:Inside the getAllPriceRanges - end
INFO:root:Inside the getAllPriceRanges - end
INFO:root:Inside the getPlantsFromLocation - end
INFO:root:Inside the searchPlants - end
INFO:root:Inside the makeOrders - end
INFO:root:Inside the checkForOrders - end
INFO:root:Inside the choiceForOrders - end
INFO:root:inEmployee(): attempting to fetch employee with username 'lbj'
ERROR:root:inEmployee(): 1045 (28000): Access denied for user 'root'@'localhost' (using password: YES)
INFO:root:Inside the getAllPlantTypes - end
INFO:root:Inside the getAllPriceRanges - end
INFO:root:Inside the getAllPriceRanges - end
INFO:root:Inside the getPlantsFromLocation - end
INFO:root:Inside the searchPlants - end
INFO:root:Inside the makeOrders - end
INFO:root:Inside the checkForOrders - end
INFO:root:Inside the choiceForOrders - end
INFO:root:Inside the getAllPlantTypes - end
INFO:root:Inside the getAllPriceRanges - end
INFO:root:Inside the getAllPriceRanges - end
INFO:root:Inside the getPlantsFromLocation - end
INFO:root:Inside the searchPlants - end
INFO:root:Inside the makeOrders - end
INFO:root:Inside the checkForOrders - end
INFO:root:Inside the choiceForOrders - end
INFO:root:getAllOrders(): Attempting to fetch all orders
ERROR:root:getAllOrders(): 1045 (28000): Access denied for user 'root'@'localhost' (using password: YES)
INFO:root:Inside the getAllPlantTypes - end
INFO:root:Inside the getAllPriceRanges - end
INFO:root:Inside the getAllPriceRanges - end
INFO:root:Inside the getPlantsFromLocation - end
INFO:root:Inside the searchPlants - end
INFO:root:Inside the makeOrders - end
INFO:root:Inside the checkForOrders - end
INFO:root:Inside the choiceForOrders - end
INFO:root:plants(): attempting to fetch all plants
ERROR:root:plants(): 1045 (28000): Access denied for user 'root'@'localhost' (using password: YES)
INFO:root:plants(): attempting to fetch all plants
ERROR:root:plants(): 1045 (28000): Access denied for user 'root'@'localhost' (using password: YES)
INFO:root:plants(): attempting to fetch all plants
ERROR:root:plants(): 1045 (28000): Access denied for user 'root'@'localhost' (using password: YES)
INFO:root:insert_plant(): attempting to insert data into plant table
INFO:root:Inside the getAllPlantTypes - end
INFO:root:Inside the getAllPriceRanges - end
INFO:root:Inside the getAllPriceRanges - end
INFO:root:Inside the getPlantsFromLocation - end
INFO:root:Inside the searchPlants - end
INFO:root:Inside the makeOrders - end
INFO:root:Inside the checkForOrders - end
INFO:root:Inside the choiceForOrders - end
INFO:root:Inside the getAllPlantTypes - end
INFO:root:Inside the getAllPriceRanges - end
INFO:root:Inside the getAllPriceRanges - end
INFO:root:Inside the getPlantsFromLocation - end
INFO:root:Inside the searchPlants - end
INFO:root:Inside the makeOrders - end
INFO:root:Inside the checkForOrders - end
INFO:root:Inside the choiceForOrders - end
INFO:root:inEmployee(): attempting to fetch employee with username 'lbj'
INFO:root:inEmployee(): fetch of employee successful
INFO:root:Inside the getAllPlantTypes - end
INFO:root:Inside the getAllPriceRanges - end
INFO:root:Inside the getAllPriceRanges - end
INFO:root:Inside the getPlantsFromLocation - end
INFO:root:Inside the searchPlants - end
INFO:root:Inside the makeOrders - end
INFO:root:Inside the checkForOrders - end
INFO:root:Inside the choiceForOrders - end
INFO:root:plants(): attempting to fetch all plants
INFO:root:plants(): fetch of plants successful
INFO:root:insert_plant(): attempting to insert data into plant table
INFO:root:Inside the getAllPlantTypes - end
INFO:root:Inside the getAllPriceRanges - end
INFO:root:Inside the getAllPriceRanges - end
INFO:root:Inside the getPlantsFromLocation - end
INFO:root:Inside the searchPlants - end
INFO:root:Inside the makeOrders - end
INFO:root:Inside the checkForOrders - end
INFO:root:Inside the choiceForOrders - end
INFO:root:plants(): attempting to fetch all plants
INFO:root:plants(): fetch of plants successful
INFO:root:insert_plant(): attempting to insert data into plant table
INFO:root:Inside the getAllPlantTypes - end
INFO:root:Inside the getAllPriceRanges - end
INFO:root:Inside the getAllPriceRanges - end
INFO:root:Inside the getPlantsFromLocation - end
INFO:root:Inside the searchPlants - end
INFO:root:Inside the makeOrders - end
INFO:root:Inside the checkForOrders - end
INFO:root:Inside the choiceForOrders - end
INFO:root:plants(): attempting to fetch all plants
INFO:root:plants(): fetch of plants successful
INFO:root:insert_plant(): attempting to insert data into plant table
INFO:root:insert_plant(): insert into plant table successful
INFO:root:plants(): attempting to fetch all plants
INFO:root:plants(): fetch of plants successful
INFO:root:deletePlantsMenu(): attempting to fetch all plants
INFO:root:deletePlantsMenu(): fetched plants successfully
INFO:root:delete_plant(): attempting to delete plant with id '223'
INFO:root:delete_plant(): delete of plant successful for id '223'
INFO:root:plants(): attempting to fetch all plants
INFO:root:plants(): fetch of plants successful
INFO:root:Inside the getAllPlantTypes - end
INFO:root:Inside the getAllPriceRanges - end
INFO:root:Inside the getAllPriceRanges - end
INFO:root:Inside the getPlantsFromLocation - end
INFO:root:Inside the searchPlants - end
INFO:root:Inside the makeOrders - end
INFO:root:Inside the checkForOrders - end
INFO:root:Inside the choiceForOrders - end
INFO:root:plants(): attempting to fetch all plants
INFO:root:plants(): fetch of plants successful
INFO:root:insert_plant(): attempting to insert data into plant table
INFO:root:insert_plant(): insert into plant table successful
ERROR:root:deletePlantsMenu(): 1062 (23000): Duplicate entry 'py' for key 'plant.name'
INFO:root:plants(): attempting to fetch all plants
INFO:root:plants(): fetch of plants successful
INFO:root:inEmployee(): attempting to fetch employee with username 'lbj'
INFO:root:inEmployee(): fetch of employee successful
INFO:root:Inside the getAllPlantTypes - end
INFO:root:Inside the getAllPriceRanges - end
INFO:root:Inside the getAllPriceRanges - end
INFO:root:Inside the getPlantsFromLocation - end
INFO:root:Inside the searchPlants - end
INFO:root:Inside the makeOrders - end
INFO:root:Inside the checkForOrders - end
INFO:root:Inside the choiceForOrders - end
INFO:root:insert_plant(): attempting to insert data into plant table
INFO:root:insert_plant(): insert into plant table successful
ERROR:root:deletePlantsMenu(): 1064 (42000): You have an error in your SQL syntax; check the manual that corresponds to your MySQL server version for the right syntax to use near '='901') WHERE name = 'bob'' at line 1
INFO:root:plants(): attempting to fetch all plants
INFO:root:plants(): fetch of plants successful
INFO:root:insert_plant(): attempting to insert data into plant table
INFO:root:insert_plant(): insert into plant table successful
ERROR:root:deletePlantsMenu(): 1064 (42000): You have an error in your SQL syntax; check the manual that corresponds to your MySQL server version for the right syntax to use near '='90') WHERE name = 'holly'' at line 1
INFO:root:plants(): attempting to fetch all plants
INFO:root:plants(): fetch of plants successful
INFO:root:Inside the getAllPlantTypes - end
INFO:root:Inside the getAllPriceRanges - end
INFO:root:Inside the getAllPriceRanges - end
INFO:root:Inside the getPlantsFromLocation - end
INFO:root:Inside the searchPlants - end
INFO:root:Inside the makeOrders - end
INFO:root:Inside the checkForOrders - end
INFO:root:Inside the choiceForOrders - end
INFO:root:Inside the getAllPlantTypes - end
INFO:root:Inside the getAllPriceRanges - end
INFO:root:Inside the getAllPriceRanges - end
INFO:root:Inside the getPlantsFromLocation - end
INFO:root:Inside the searchPlants - end
INFO:root:Inside the makeOrders - end
INFO:root:Inside the checkForOrders - end
INFO:root:Inside the choiceForOrders - end
INFO:root:Inside the getAllPlantTypes - end
INFO:root:Inside the getAllPriceRanges - end
INFO:root:Inside the getAllPriceRanges - end
INFO:root:Inside the getPlantsFromLocation - end
INFO:root:Inside the searchPlants - end
INFO:root:Inside the makeOrders - end
INFO:root:Inside the checkForOrders - end
INFO:root:Inside the choiceForOrders - end
INFO:root:Inside the getAllPlantTypes - end
INFO:root:Inside the getAllPriceRanges - end
INFO:root:Inside the getAllPriceRanges - end
INFO:root:Inside the getPlantsFromLocation - end
INFO:root:Inside the searchPlants - end
INFO:root:Inside the makeOrders - end
INFO:root:Inside the checkForOrders - end
INFO:root:Inside the choiceForOrders - end
INFO:root:Inside the getAllPlantTypes - end
INFO:root:Inside the getAllPriceRanges - end
INFO:root:Inside the getAllPriceRanges - end
INFO:root:Inside the getPlantsFromLocation - end
INFO:root:Inside the searchPlants - end
INFO:root:Inside the makeOrders - end
INFO:root:Inside the checkForOrders - end
INFO:root:Inside the choiceForOrders - end
INFO:root:updatePlantsMenu(): attempting to fetch all plants
INFO:root:updatePlantsMenu(): fetched plants successfully
INFO:root:insert_plant(): attempting to insert data into plant table
INFO:root:insert_plant(): insert into plant table successful
INFO:root:deletePlantsMenu(): attempting to fetch all plants
INFO:root:deletePlantsMenu(): fetched plants successfully
INFO:root:updatePlantsMenu(): attempting to fetch all plants
INFO:root:updatePlantsMenu(): fetched plants successfully
INFO:root:updatePlantsMenu(): attempting to fetch all plants
INFO:root:updatePlantsMenu(): fetched plants successfully
INFO:root:update_plant(): attempting to update data for plant id '200'
INFO:root:update_plant(): update of plant table successful for id '200'
INFO:root:Inside the getAllPlantTypes - end
INFO:root:Inside the getAllPriceRanges - end
INFO:root:Inside the getAllPriceRanges - end
INFO:root:Inside the getPlantsFromLocation - end
INFO:root:Inside the searchPlants - end
INFO:root:Inside the makeOrders - end
INFO:root:Inside the checkForOrders - end
INFO:root:Inside the choiceForOrders - end
INFO:root:insert_plant(): attempting to insert data into plant table
INFO:root:Inside the getAllPlantTypes - end
INFO:root:Inside the getAllPriceRanges - end
INFO:root:Inside the getAllPriceRanges - end
INFO:root:Inside the getPlantsFromLocation - end
INFO:root:Inside the searchPlants - end
INFO:root:Inside the makeOrders - end
INFO:root:Inside the checkForOrders - end
INFO:root:Inside the choiceForOrders - end
INFO:root:insert_plant(): attempting to insert data into plant table
INFO:root:insert_plant(): insert into plant table successful
INFO:root:Inside the getAllPlantTypes - end
INFO:root:Inside the getAllPriceRanges - end
INFO:root:Inside the getAllPriceRanges - end
INFO:root:Inside the getPlantsFromLocation - end
INFO:root:Inside the searchPlants - end
INFO:root:Inside the makeOrders - end
INFO:root:Inside the checkForOrders - end
INFO:root:Inside the choiceForOrders - end
INFO:root:insert_plant(): attempting to insert data into plant table
INFO:root:insert_plant(): insert into plant table successful
INFO:root:Inside the getAllPlantTypes - end
INFO:root:Inside the getAllPriceRanges - end
INFO:root:Inside the getAllPriceRanges - end
INFO:root:Inside the getPlantsFromLocation - end
INFO:root:Inside the searchPlants - end
INFO:root:Inside the makeOrders - end
INFO:root:Inside the checkForOrders - end
INFO:root:Inside the choiceForOrders - end
INFO:root:insert_plant(): attempting to insert data into plant table
INFO:root:insert_plant(): insert into plant table successful
ERROR:root:addPlantsMenu(): 1064 (42000): You have an error in your SQL syntax; check the manual that corresponds to your MySQL server version for the right syntax to use near 'name = poi' at line 1
INFO:root:deletePlantsMenu(): attempting to fetch all plants
INFO:root:deletePlantsMenu(): fetched plants successfully
INFO:root:delete_plant(): attempting to delete plant with id '224'
INFO:root:delete_plant(): delete of plant successful for id '224'
INFO:root:delete_plant(): attempting to delete plant with id '226'
INFO:root:delete_plant(): delete of plant successful for id '226'
INFO:root:delete_plant(): attempting to delete plant with id '227'
INFO:root:delete_plant(): delete of plant successful for id '227'
INFO:root:delete_plant(): attempting to delete plant with id '228'
INFO:root:delete_plant(): delete of plant successful for id '228'
INFO:root:delete_plant(): attempting to delete plant with id '230'
INFO:root:delete_plant(): delete of plant successful for id '230'
INFO:root:delete_plant(): attempting to delete plant with id '231'
INFO:root:delete_plant(): delete of plant successful for id '231'
INFO:root:delete_plant(): attempting to delete plant with id '232'
INFO:root:delete_plant(): delete of plant successful for id '232'
INFO:root:Inside the getAllPlantTypes - end
INFO:root:Inside the getAllPriceRanges - end
INFO:root:Inside the getAllPriceRanges - end
INFO:root:Inside the getPlantsFromLocation - end
INFO:root:Inside the searchPlants - end
INFO:root:Inside the makeOrders - end
INFO:root:Inside the checkForOrders - end
INFO:root:Inside the choiceForOrders - end
INFO:root:Inside the getAllPlantTypes - end
INFO:root:Inside the getAllPriceRanges - end
INFO:root:Inside the getAllPriceRanges - end
INFO:root:Inside the getPlantsFromLocation - end
INFO:root:Inside the searchPlants - end
INFO:root:Inside the makeOrders - end
INFO:root:Inside the checkForOrders - end
INFO:root:Inside the choiceForOrders - end
INFO:root:insert_plant(): attempting to insert data into plant table
INFO:root:insert_plant(): insert into plant table successful
ERROR:root:addPlantsMenu(): 1064 (42000): You have an error in your SQL syntax; check the manual that corresponds to your MySQL server version for the right syntax to use near 'name = qwerty' at line 1
INFO:root:Inside the getAllPlantTypes - end
INFO:root:Inside the getAllPriceRanges - end
INFO:root:Inside the getAllPriceRanges - end
INFO:root:Inside the getPlantsFromLocation - end
INFO:root:Inside the searchPlants - end
INFO:root:Inside the makeOrders - end
INFO:root:Inside the checkForOrders - end
INFO:root:Inside the choiceForOrders - end
INFO:root:Inside the getAllPlantTypes - end
INFO:root:Inside the getAllPriceRanges - end
INFO:root:Inside the getAllPriceRanges - end
INFO:root:Inside the getPlantsFromLocation - end
INFO:root:Inside the searchPlants - end
INFO:root:Inside the makeOrders - end
INFO:root:Inside the checkForOrders - end
INFO:root:Inside the choiceForOrders - end
INFO:root:insert_plant(): attempting to insert data into plant table
INFO:root:insert_plant(): insert into plant table successful
INFO:root:Inside the getAllPlantTypes - end
INFO:root:Inside the getAllPriceRanges - end
INFO:root:Inside the getAllPriceRanges - end
INFO:root:Inside the getPlantsFromLocation - end
INFO:root:Inside the searchPlants - end
INFO:root:Inside the makeOrders - end
INFO:root:Inside the checkForOrders - end
INFO:root:Inside the choiceForOrders - end
INFO:root:insert_plant(): attempting to insert data into plant table
INFO:root:insert_plant(): insert into plant table successful
INFO:root:Inside the getAllPlantTypes - end
INFO:root:Inside the getAllPriceRanges - end
INFO:root:Inside the getAllPriceRanges - end
INFO:root:Inside the getPlantsFromLocation - end
INFO:root:Inside the searchPlants - end
INFO:root:Inside the makeOrders - end
INFO:root:Inside the checkForOrders - end
INFO:root:Inside the choiceForOrders - end
INFO:root:insert_plant(): attempting to insert data into plant table
INFO:root:insert_plant(): insert into plant table successful
INFO:root:deletePlantsMenu(): attempting to fetch all plants
INFO:root:deletePlantsMenu(): fetched plants successfully
INFO:root:delete_plant(): attempting to delete plant with id '233'
INFO:root:delete_plant(): delete of plant successful for id '233'
INFO:root:delete_plant(): attempting to delete plant with id '234'
INFO:root:delete_plant(): delete of plant successful for id '234'
INFO:root:delete_plant(): attempting to delete plant with id '235'
INFO:root:delete_plant(): delete of plant successful for id '235'
INFO:root:delete_plant(): attempting to delete plant with id '236'
INFO:root:delete_plant(): delete of plant successful for id '236'
INFO:root:Inside the getAllPlantTypes - end
INFO:root:Inside the getAllPriceRanges - end
INFO:root:Inside the getAllPriceRanges - end
INFO:root:Inside the getPlantsFromLocation - end
INFO:root:Inside the searchPlants - end
INFO:root:Inside the makeOrders - end
INFO:root:Inside the checkForOrders - end
INFO:root:Inside the choiceForOrders - end
INFO:root:insert_plant_with_type(): attempting to insert data into plant table
INFO:root:Inside the getAllPlantTypes - end
INFO:root:Inside the getAllPriceRanges - end
INFO:root:Inside the getAllPriceRanges - end
INFO:root:Inside the getPlantsFromLocation - end
INFO:root:Inside the searchPlants - end
INFO:root:Inside the makeOrders - end
INFO:root:Inside the checkForOrders - end
INFO:root:Inside the choiceForOrders - end
INFO:root:insert_plant_with_type(): attempting to insert data into plant table
INFO:root:Inside the getAllPlantTypes - end
INFO:root:Inside the getAllPriceRanges - end
INFO:root:Inside the getAllPriceRanges - end
INFO:root:Inside the getPlantsFromLocation - end
INFO:root:Inside the searchPlants - end
INFO:root:Inside the makeOrders - end
INFO:root:Inside the checkForOrders - end
INFO:root:Inside the choiceForOrders - end
INFO:root:Inside the getAllPlantTypes - end
INFO:root:Inside the getAllPriceRanges - end
INFO:root:Inside the getAllPriceRanges - end
INFO:root:Inside the getPlantsFromLocation - end
INFO:root:Inside the searchPlants - end
INFO:root:Inside the makeOrders - end
INFO:root:Inside the checkForOrders - end
INFO:root:Inside the choiceForOrders - end
INFO:root:Inside the getAllPlantTypes - end
INFO:root:Inside the getAllPriceRanges - end
INFO:root:Inside the getAllPriceRanges - end
INFO:root:Inside the getPlantsFromLocation - end
INFO:root:Inside the searchPlants - end
INFO:root:Inside the makeOrders - end
INFO:root:Inside the checkForOrders - end
INFO:root:Inside the choiceForOrders - end
INFO:root:insert_plant_with_type(): attempting to insert data into plant table
INFO:root:Inside the getAllPlantTypes - end
INFO:root:Inside the getAllPriceRanges - end
INFO:root:Inside the getAllPriceRanges - end
INFO:root:Inside the getPlantsFromLocation - end
INFO:root:Inside the searchPlants - end
INFO:root:Inside the makeOrders - end
INFO:root:Inside the checkForOrders - end
INFO:root:Inside the choiceForOrders - end
INFO:root:insert_plant_with_type(): attempting to insert data into plant table
INFO:root:Inside the getAllPlantTypes - end
INFO:root:Inside the getAllPriceRanges - end
INFO:root:Inside the getAllPriceRanges - end
INFO:root:Inside the getPlantsFromLocation - end
INFO:root:Inside the searchPlants - end
INFO:root:Inside the makeOrders - end
INFO:root:Inside the checkForOrders - end
INFO:root:Inside the choiceForOrders - end
INFO:root:insert_plant_with_type(): attempting to insert data into plant table
INFO:root:Inside the getAllPlantTypes - end
INFO:root:Inside the getAllPriceRanges - end
INFO:root:Inside the getAllPriceRanges - end
INFO:root:Inside the getPlantsFromLocation - end
INFO:root:Inside the searchPlants - end
INFO:root:Inside the makeOrders - end
INFO:root:Inside the checkForOrders - end
INFO:root:Inside the choiceForOrders - end
INFO:root:insert_plant_with_type(): attempting to insert data into plant table
INFO:root:Inside the getAllPlantTypes - end
INFO:root:Inside the getAllPriceRanges - end
INFO:root:Inside the getAllPriceRanges - end
INFO:root:Inside the getPlantsFromLocation - end
INFO:root:Inside the searchPlants - end
INFO:root:Inside the makeOrders - end
INFO:root:Inside the checkForOrders - end
INFO:root:Inside the choiceForOrders - end
INFO:root:insert_plant_with_type(): attempting to insert data into plant table
INFO:root:Inside the getAllPlantTypes - end
INFO:root:Inside the getAllPriceRanges - end
INFO:root:Inside the getAllPriceRanges - end
INFO:root:Inside the getPlantsFromLocation - end
INFO:root:Inside the searchPlants - end
INFO:root:Inside the makeOrders - end
INFO:root:Inside the checkForOrders - end
INFO:root:Inside the choiceForOrders - end
INFO:root:insert_plant_with_type(): attempting to insert data into plant table
INFO:root:Inside the getAllPlantTypes - end
INFO:root:Inside the getAllPriceRanges - end
INFO:root:Inside the getAllPriceRanges - end
INFO:root:Inside the getPlantsFromLocation - end
INFO:root:Inside the searchPlants - end
INFO:root:Inside the makeOrders - end
INFO:root:Inside the checkForOrders - end
INFO:root:Inside the choiceForOrders - end
INFO:root:insert_plant_with_type(): attempting to insert data into plant table
INFO:root:insert_plant_with_type(): insert into plant table successful
INFO:root:Inside the getAllPlantTypes - end
INFO:root:Inside the getAllPriceRanges - end
INFO:root:Inside the getAllPriceRanges - end
INFO:root:Inside the getPlantsFromLocation - end
INFO:root:Inside the searchPlants - end
INFO:root:Inside the makeOrders - end
INFO:root:Inside the checkForOrders - end
INFO:root:Inside the choiceForOrders - end
INFO:root:Inside the getAllPlantTypes - end
INFO:root:Inside the getAllPriceRanges - end
INFO:root:Inside the getAllPriceRanges - end
INFO:root:Inside the getPlantsFromLocation - end
INFO:root:Inside the searchPlants - end
INFO:root:Inside the makeOrders - end
INFO:root:Inside the checkForOrders - end
INFO:root:Inside the choiceForOrders - end
INFO:root:Inside the getAllPlantTypes - end
INFO:root:Inside the getAllPriceRanges - end
INFO:root:Inside the getAllPriceRanges - end
INFO:root:Inside the getPlantsFromLocation - end
INFO:root:Inside the searchPlants - end
INFO:root:Inside the makeOrders - end
INFO:root:Inside the checkForOrders - end
INFO:root:Inside the choiceForOrders - end
INFO:root:Inside the getAllPlantTypes - end
INFO:root:Inside the getAllPriceRanges - end
INFO:root:Inside the getAllPriceRanges - end
INFO:root:Inside the getPlantsFromLocation - end
INFO:root:Inside the searchPlants - end
INFO:root:Inside the makeOrders - end
INFO:root:Inside the checkForOrders - end
INFO:root:Inside the choiceForOrders - end
INFO:root:Inside the getAllPlantTypes - end
INFO:root:Inside the getAllPriceRanges - end
INFO:root:Inside the getAllPriceRanges - end
INFO:root:Inside the getPlantsFromLocation - end
INFO:root:Inside the searchPlants - end
INFO:root:Inside the makeOrders - end
INFO:root:Inside the checkForOrders - end
INFO:root:Inside the choiceForOrders - end
INFO:root:Inside the getAllPlantTypes - end
INFO:root:Inside the getAllPriceRanges - end
INFO:root:Inside the getAllPriceRanges - end
INFO:root:Inside the getPlantsFromLocation - end
INFO:root:Inside the searchPlants - end
INFO:root:Inside the makeOrders - end
INFO:root:Inside the checkForOrders - end
INFO:root:Inside the choiceForOrders - end
INFO:root:Inside the getAllPlantTypes - end
INFO:root:Inside the getAllPriceRanges - end
INFO:root:Inside the getAllPriceRanges - end
INFO:root:Inside the getPlantsFromLocation - end
INFO:root:Inside the searchPlants - end
INFO:root:Inside the makeOrders - end
INFO:root:Inside the checkForOrders - end
INFO:root:Inside the choiceForOrders - end
INFO:root:Inside the getAllPlantTypes - end
INFO:root:Inside the getAllPriceRanges - end
INFO:root:Inside the getAllPriceRanges - end
INFO:root:Inside the getPlantsFromLocation - end
INFO:root:Inside the searchPlants - end
INFO:root:Inside the makeOrders - end
INFO:root:Inside the checkForOrders - end
INFO:root:Inside the choiceForOrders - end
INFO:root:Inside the getAllPlantTypes - end
INFO:root:Inside the getAllPriceRanges - end
INFO:root:Inside the getAllPriceRanges - end
INFO:root:Inside the getPlantsFromLocation - end
INFO:root:Inside the searchPlants - end
INFO:root:Inside the makeOrders - end
INFO:root:Inside the checkForOrders - end
INFO:root:Inside the choiceForOrders - end
INFO:root:Inside the getAllPlantTypes - end
INFO:root:Inside the getAllPriceRanges - end
INFO:root:Inside the getAllPriceRanges - end
INFO:root:Inside the getPlantsFromLocation - end
INFO:root:Inside the searchPlants - end
INFO:root:Inside the makeOrders - end
INFO:root:Inside the checkForOrders - end
INFO:root:Inside the choiceForOrders - end
INFO:root:Inside the getAllPlantTypes - end
INFO:root:Inside the getAllPriceRanges - end
INFO:root:Inside the getAllPriceRanges - end
INFO:root:Inside the getPlantsFromLocation - end
INFO:root:Inside the searchPlants - end
INFO:root:Inside the makeOrders - end
INFO:root:Inside the checkForOrders - end
INFO:root:Inside the choiceForOrders - end
INFO:root:Inside the getAllPlantTypes - end
INFO:root:Inside the getAllPriceRanges - end
INFO:root:Inside the getAllPriceRanges - end
INFO:root:Inside the getPlantsFromLocation - end
INFO:root:Inside the searchPlants - end
INFO:root:Inside the makeOrders - end
INFO:root:Inside the checkForOrders - end
INFO:root:Inside the choiceForOrders - end
INFO:root:Inside the getAllPlantTypes - end
INFO:root:Inside the getAllPriceRanges - end
INFO:root:Inside the getAllPriceRanges - end
INFO:root:Inside the getPlantsFromLocation - end
INFO:root:Inside the searchPlants - end
INFO:root:Inside the makeOrders - end
INFO:root:Inside the checkForOrders - end
INFO:root:Inside the choiceForOrders - end
INFO:root:Inside the getAllPlantTypes - end
INFO:root:Inside the getAllPriceRanges - end
INFO:root:Inside the getAllPriceRanges - end
INFO:root:Inside the getPlantsFromLocation - end
INFO:root:Inside the searchPlants - end
INFO:root:Inside the makeOrders - end
INFO:root:Inside the checkForOrders - end
INFO:root:Inside the choiceForOrders - end
INFO:root:Inside the getAllPlantTypes - end
INFO:root:Inside the getAllPriceRanges - end
INFO:root:Inside the getAllPriceRanges - end
INFO:root:Inside the getPlantsFromLocation - end
INFO:root:Inside the searchPlants - end
INFO:root:Inside the makeOrders - end
INFO:root:Inside the checkForOrders - end
INFO:root:Inside the choiceForOrders - end
INFO:root:Inside the getAllPlantTypes - end
INFO:root:Inside the getAllPriceRanges - end
INFO:root:Inside the getAllPriceRanges - end
INFO:root:Inside the getPlantsFromLocation - end
INFO:root:Inside the searchPlants - end
INFO:root:Inside the makeOrders - end
INFO:root:Inside the checkForOrders - end
INFO:root:Inside the choiceForOrders - end
INFO:root:Inside the getAllPlantTypes - end
INFO:root:Inside the getAllPriceRanges - end
INFO:root:Inside the getAllPriceRanges - end
INFO:root:Inside the getPlantsFromLocation - end
INFO:root:Inside the searchPlants - end
INFO:root:Inside the makeOrders - end
INFO:root:Inside the checkForOrders - end
INFO:root:Inside the choiceForOrders - end
INFO:root:Inside the getAllPlantTypes - end
INFO:root:Inside the getAllPriceRanges - end
INFO:root:Inside the getAllPriceRanges - end
INFO:root:Inside the getPlantsFromLocation - end
INFO:root:Inside the searchPlants - end
INFO:root:Inside the makeOrders - end
INFO:root:Inside the checkForOrders - end
INFO:root:Inside the choiceForOrders - end
INFO:root:Inside the getAllPlantTypes - end
INFO:root:Inside the getAllPriceRanges - end
INFO:root:Inside the getAllPriceRanges - end
INFO:root:Inside the getPlantsFromLocation - end
INFO:root:Inside the searchPlants - end
INFO:root:Inside the makeOrders - end
INFO:root:Inside the checkForOrders - end
INFO:root:Inside the choiceForOrders - end
INFO:root:Inside the getAllPlantTypes - end
INFO:root:Inside the getAllPriceRanges - end
INFO:root:Inside the getAllPriceRanges - end
INFO:root:Inside the getPlantsFromLocation - end
INFO:root:Inside the searchPlants - end
INFO:root:Inside the makeOrders - end
INFO:root:Inside the checkForOrders - end
INFO:root:Inside the choiceForOrders - end
INFO:root:Inside the getAllPlantTypes - end
INFO:root:Inside the getAllPriceRanges - end
INFO:root:Inside the getAllPriceRanges - end
INFO:root:Inside the getPlantsFromLocation - end
INFO:root:Inside the searchPlants - end
INFO:root:Inside the makeOrders - end
INFO:root:Inside the checkForOrders - end
INFO:root:Inside the choiceForOrders - end
INFO:root:Inside the getAllPlantTypes - end
INFO:root:Inside the getAllPriceRanges - end
INFO:root:Inside the getAllPriceRanges - end
INFO:root:Inside the getPlantsFromLocation - end
INFO:root:Inside the searchPlants - end
INFO:root:Inside the makeOrders - end
INFO:root:Inside the checkForOrders - end
INFO:root:Inside the choiceForOrders - end
INFO:root:Inside the getAllPlantTypes - end
INFO:root:Inside the getAllPriceRanges - end
INFO:root:Inside the getAllPriceRanges - end
INFO:root:Inside the getPlantsFromLocation - end
INFO:root:Inside the searchPlants - end
INFO:root:Inside the makeOrders - end
INFO:root:Inside the checkForOrders - end
INFO:root:Inside the choiceForOrders - end
INFO:root:Inside the getAllPlantTypes - end
INFO:root:Inside the getAllPriceRanges - end
INFO:root:Inside the getAllPriceRanges - end
INFO:root:Inside the getPlantsFromLocation - end
INFO:root:Inside the searchPlants - end
INFO:root:Inside the makeOrders - end
INFO:root:Inside the checkForOrders - end
INFO:root:Inside the choiceForOrders - end
INFO:root:Inside the getAllPlantTypes - end
INFO:root:Inside the getAllPriceRanges - end
INFO:root:Inside the getAllPriceRanges - end
INFO:root:Inside the getPlantsFromLocation - end
INFO:root:Inside the searchPlants - end
INFO:root:Inside the makeOrders - end
INFO:root:Inside the checkForOrders - end
INFO:root:Inside the choiceForOrders - end
INFO:root:Inside the getAllPlantTypes - end
INFO:root:Inside the getAllPriceRanges - end
INFO:root:Inside the getAllPriceRanges - end
INFO:root:Inside the getPlantsFromLocation - end
INFO:root:Inside the searchPlants - end
INFO:root:Inside the makeOrders - end
INFO:root:Inside the checkForOrders - end
INFO:root:Inside the choiceForOrders - end
INFO:root:Inside the getAllPlantTypes - end
INFO:root:Inside the getAllPriceRanges - end
INFO:root:Inside the getAllPriceRanges - end
INFO:root:Inside the getPlantsFromLocation - end
INFO:root:Inside the searchPlants - end
INFO:root:Inside the makeOrders - end
INFO:root:Inside the checkForOrders - end
INFO:root:Inside the choiceForOrders - end
INFO:root:Inside the getAllPlantTypes - end
INFO:root:Inside the getAllPriceRanges - end
INFO:root:Inside the getAllPriceRanges - end
INFO:root:Inside the getPlantsFromLocation - end
INFO:root:Inside the searchPlants - end
INFO:root:Inside the makeOrders - end
INFO:root:Inside the checkForOrders - end
INFO:root:Inside the choiceForOrders - end
INFO:root:Inside the getAllPlantTypes - end
INFO:root:Inside the getAllPriceRanges - end
INFO:root:Inside the getAllPriceRanges - end
INFO:root:Inside the getPlantsFromLocation - end
INFO:root:Inside the searchPlants - end
INFO:root:Inside the makeOrders - end
INFO:root:Inside the checkForOrders - end
INFO:root:Inside the choiceForOrders - end
INFO:root:insert_plant_with_type(): attempting to insert data into plant table
INFO:root:insert_plant_with_type(): insert into plant table successful
INFO:root:Inside the getAllPlantTypes - end
INFO:root:Inside the getAllPriceRanges - end
INFO:root:Inside the getAllPriceRanges - end
INFO:root:Inside the getPlantsFromLocation - end
INFO:root:Inside the searchPlants - end
INFO:root:Inside the makeOrders - end
INFO:root:Inside the checkForOrders - end
INFO:root:Inside the choiceForOrders - end
INFO:root:getEmployees(): attempting to fetch employee with store id '1'
INFO:root:getEmployees(): fetched employees data successfully for store id '1'
INFO:root:Inside the getAllPlantTypes - end
INFO:root:Inside the getAllPriceRanges - end
INFO:root:Inside the getAllPriceRanges - end
INFO:root:Inside the getPlantsFromLocation - end
INFO:root:Inside the searchPlants - end
INFO:root:Inside the makeOrders - end
INFO:root:Inside the checkForOrders - end
INFO:root:Inside the choiceForOrders - end
INFO:root:updatePlantsMenu(): attempting to fetch all plants
INFO:root:updatePlantsMenu(): fetched plants successfully
INFO:root:update_plant(): attempting to update data for plant id '237'
INFO:root:update_plant(): update of plant table successful for id '237'
INFO:root:deletePlantsMenu(): attempting to fetch all plants
INFO:root:deletePlantsMenu(): fetched plants successfully
INFO:root:delete_plant(): attempting to delete plant with id '206'
INFO:root:delete_plant(): delete of plant successful for id '206'
